生成启动时间为 2013/3/21 18:02:09。
     1>项目“E:\课内\2012\AC\1236\1236\1236.vcxproj”在节点 2 上(build 个目标)。
     1>InitializeBuildStatus:
         正在创建“Debug\1236.unsuccessfulbuild”，因为已指定“AlwaysCreate”。
       ClCompile:
         C:\Program Files\Microsoft Visual Studio 10.0\VC\bin\CL.exe /c /ZI /nologo /W3 /WX- /Od /Oy- /D WIN32 /D _DEBUG /D _CONSOLE /D _UNICODE /D UNICODE /Gm /EHsc /RTC1 /MDd /GS /fp:precise /Zc:wchar_t /Zc:forScope /Fo"Debug\\" /Fd"Debug\vc100.pdb" /Gd /TC /analyze- /errorReport:prompt 1236.c
         1236.c
     1>e:\课内\2012\ac\1236\1236\1236.c(22): warning C4996: 'scanf': This function or variable may be unsafe. Consider using scanf_s instead. To disable deprecation, use _CRT_SECURE_NO_WARNINGS. See online help for details.
                 c:\program files\microsoft visual studio 10.0\vc\include\stdio.h(304) : 参见“scanf”的声明
     1>e:\课内\2012\ac\1236\1236\1236.c(25): warning C4996: 'scanf': This function or variable may be unsafe. Consider using scanf_s instead. To disable deprecation, use _CRT_SECURE_NO_WARNINGS. See online help for details.
                 c:\program files\microsoft visual studio 10.0\vc\include\stdio.h(304) : 参见“scanf”的声明
     1>e:\课内\2012\ac\1236\1236\1236.c(28): warning C4996: 'scanf': This function or variable may be unsafe. Consider using scanf_s instead. To disable deprecation, use _CRT_SECURE_NO_WARNINGS. See online help for details.
                 c:\program files\microsoft visual studio 10.0\vc\include\stdio.h(304) : 参见“scanf”的声明
     1>e:\课内\2012\ac\1236\1236\1236.c(32): warning C4996: 'scanf': This function or variable may be unsafe. Consider using scanf_s instead. To disable deprecation, use _CRT_SECURE_NO_WARNINGS. See online help for details.
                 c:\program files\microsoft visual studio 10.0\vc\include\stdio.h(304) : 参见“scanf”的声明
     1>e:\课内\2012\ac\1236\1236\1236.c(34): warning C4996: 'scanf': This function or variable may be unsafe. Consider using scanf_s instead. To disable deprecation, use _CRT_SECURE_NO_WARNINGS. See online help for details.
                 c:\program files\microsoft visual studio 10.0\vc\include\stdio.h(304) : 参见“scanf”的声明
       ManifestResourceCompile:
         所有输出均为最新。
       Link:
         C:\Program Files\Microsoft Visual Studio 10.0\VC\bin\link.exe /ERRORREPORT:PROMPT /OUT:"E:\课内\2012\AC\1236\Debug\1236.exe" /INCREMENTAL /NOLOGO kernel32.lib user32.lib gdi32.lib winspool.lib comdlg32.lib advapi32.lib shell32.lib ole32.lib oleaut32.lib uuid.lib odbc32.lib odbccp32.lib /MANIFEST /ManifestFile:"Debug\1236.exe.intermediate.manifest" /MANIFESTUAC:"level='asInvoker' uiAccess='false'" /DEBUG /PDB:"E:\课内\2012\AC\1236\Debug\1236.pdb" /SUBSYSTEM:CONSOLE /TLBID:1 /DYNAMICBASE /NXCOMPAT /IMPLIB:"E:\课内\2012\AC\1236\Debug\1236.lib" /MACHINE:X86 Debug\1236.exe.embed.manifest.res
         Debug\1236.obj
       Manifest:
         C:\Program Files\Microsoft SDKs\Windows\v7.0A\bin\mt.exe /nologo /verbose /out:"Debug\1236.exe.embed.manifest" /manifest Debug\1236.exe.intermediate.manifest
         所有输出均为最新。
       LinkEmbedManifest:
         所有输出均为最新。
         1236.vcxproj -> E:\课内\2012\AC\1236\Debug\1236.exe
       FinalizeBuildStatus:
         正在删除文件“Debug\1236.unsuccessfulbuild”。
         正在对“Debug\1236.lastbuildstate”执行 Touch 任务。
     1>已完成生成项目“E:\课内\2012\AC\1236\1236\1236.vcxproj”(build 个目标)的操作。

生成成功。

已用时间 00:00:01.08
